TN:
SF:src/diagram.js
FN:10,zoomIn
FN:16,zoomOut
FN:22,resetZoom
FN:30,updateTransform
FN:38,toggleTheme
FN:45,toggleFullscreen
FN:56,downloadImage
FN:65,(anonymous_7)
FN:66,(anonymous_8)
FN:82,setupNodeInteractions
FN:86,(anonymous_10)
FN:87,(anonymous_11)
FN:101,(anonymous_12)
FN:115,initializeDiagram
FNF:14
FNH:13
FNDA:3,zoomIn
FNDA:1,zoomOut
FNDA:1,resetZoom
FNDA:5,updateTransform
FNDA:3,toggleTheme
FNDA:2,toggleFullscreen
FNDA:1,downloadImage
FNDA:1,(anonymous_7)
FNDA:1,(anonymous_8)
FNDA:9,setupNodeInteractions
FNDA:18,(anonymous_10)
FNDA:2,(anonymous_11)
FNDA:2,(anonymous_12)
FNDA:0,initializeDiagram
DA:2,1
DA:3,1
DA:4,1
DA:6,1
DA:7,1
DA:11,3
DA:12,3
DA:13,3
DA:17,1
DA:18,1
DA:19,1
DA:23,1
DA:24,1
DA:25,1
DA:26,1
DA:27,1
DA:31,5
DA:32,5
DA:33,5
DA:39,3
DA:40,3
DA:41,3
DA:46,2
DA:47,1
DA:48,1
DA:50,1
DA:51,1
DA:57,1
DA:58,1
DA:60,1
DA:61,1
DA:62,1
DA:63,1
DA:65,1
DA:66,1
DA:67,1
DA:68,1
DA:69,1
DA:70,1
DA:71,1
DA:72,1
DA:73,1
DA:74,1
DA:77,1
DA:83,9
DA:84,9
DA:86,9
DA:87,18
DA:88,2
DA:89,2
DA:90,2
DA:93,2
DA:94,2
DA:95,2
DA:96,2
DA:97,2
DA:101,18
DA:102,2
DA:103,2
DA:104,2
DA:107,2
DA:108,2
DA:116,0
DA:119,0
DA:120,0
DA:121,0
DA:125,0
LF:67
LH:62
BRDA:32,0,0,5
BRDA:32,0,1,0
BRDA:40,1,0,2
BRDA:40,1,1,1
BRDA:46,2,0,1
BRDA:46,2,1,1
BRDA:58,3,0,0
BRDA:58,3,1,1
BRDA:89,4,0,2
BRDA:89,4,1,0
BRDA:93,5,0,2
BRDA:93,5,1,0
BRDA:97,6,0,2
BRDA:97,6,1,0
BRDA:103,7,0,2
BRDA:103,7,1,0
BRDA:107,8,0,2
BRDA:107,8,1,0
BRDA:120,9,0,0
BRDA:120,9,1,0
BRF:20
BRH:11
end_of_record
